VE3HX    Ottawa, Ontario
   freq  mode  date yyyymmdd time    exchnge             points  new county  
qso:   14  cw  20081004 1811    k6lrn   170 eldo ve3hx     001 on  3  eldo     
qso:   14  cw  20081004 1814    w6ml    157 mono ve3hx     002 on  3  mono     
qso:   14  cw  20081004 1817    n6a     180 alpi ve3hx     003 on  3  alpi     
qso:   14  cw  20081004 1819    k6rb    210 scru ve3hx     004 on  3  scru     
qso:   14  cw  20081004 1826    k6mm    130 scla ve3hx     005 on  3  scla     
qso:   14  cw  20081004 1828    k6yt    118 scla ve3hx     006 on  3           
qso:   14  cw  20081004 1831    k6aql   040 kern ve3hx     007 on  3  kern     
qso:   14  cw  20081004 1900   ne6le    176 modo ve3hx     008 on  3  modo     
qso:   14  cw  20081004 1901    k6gt    181 scla ve3hx     009 on  3           
qso:   14  cw  20081004 1907   ke1b/6   188 scru ve3hx     010 on  3           
qso:   14  cw  20081004 1908    k6rim   275 marn ve3hx     011 on  3  marn     
qso:   14  cw  20081004 1910    n6de    244 tuol ve3hx     012 on  3  tuol     
qso:   14  cw  20081004 1911    w6ph    365 inyo ve3hx     013 on  3  inyo     
qso:   14  cw  20081004 1912    n6xg    171 slui ve3hx     014 on  3  slui     
qso:   14  cw  20081004 1913    w6sx    172 mono ve3hx     015 on  3           
qso:   14  cw  20081004 1914    k6idx   405 eldo ve3hx     016 on  3           
qso:   14  cw  20081004 1915    n6tv    272 scla ve3hx     017 on  3           
qso:   14  cw  20081004 1917    w6gv    223 fres ve3hx     018 on  3  fres     
qso:   14  cw  20081004 1921    n6tp    086 smat ve3hx     019 on  3  smat     
qso:   14  cw  20081004 1923   kb6a     292 made ve3hx     020 on  3  made     
qso:   14  cw  20081004 1924    n6mu    014 oran ve3hx     021 on  3  oran     
qso:   14  cw  20081004 1926    k6uw    090 sdie ve3hx     022 on  3  sdie     
qso:   14  cw  20081004 1928    w6xu    221 sono ve3hx     023 on  3  sono     
qso:   14  cw  20081004 1929   wc6h     505 cala ve3hx     024 on  3  cala     
qso:   14  cw  20081004 1931    k6if    161 mend ve3hx     025 on  3  mend     
qso:   14  cw  20081004 1932    n6rc    198 mont ve3hx     026 on  3  mont     
qso:   14  cw  20081004 1941    k6am    261 sdie ve3hx     027 on  3           
qso:   14  cw  20081004 1944    k6dw    053 yuba ve3hx     028 on  3  yuba     
qso:   14  cw  20081004 1946   ni6t     222 king ve3hx     029 on  3  king     
qso:   14  cw  20081004 1948   kc6x     288 lang ve3hx     030 on  3  lang     
qso:   14  cw  20081004 1949   km6z     186 lang ve3hx     031 on  3           
qso:   14  cw  20081004 1951   ke6qr    099 sola ve3hx     032 on  3  sola     
qso:   14  cw  20081004 1954    w6fa    184 neva ve3hx     033 on  3  neva     
qso:   14  cw  20081004 1955    k6cta   245 marn ve3hx     034 on  3           
qso:   14  cw  20081004 1958    n6fr    272 eldo ve3hx     035 on  3           
qso:   14  cw  20081004 1959    n6rno   155 teha ve3hx     036 on  3  teha     
qso:   14  cw  20081004 2004   ks5a/m   054 mont ve3hx     037 on  3           
qso:   14  cw  20081004 2007    k6js    117 plum ve3hx     038 on  3  plum     
qso:   14  cw  20081004 2010   kq6es    118 sben ve3hx     039 on  3  sben     
qso:   14  cw  20081004 2013   ae6y     346 scla ve3hx     040 on  3           
qso:   14  cw  20081004 2015    k6wsc   055 sdie ve3hx     041 on  3           
qso:   14  cw  20081004 2018    n6ad    190 sono ve3hx     042 on  3           
qso:   14  cw  20081004 2022   ke6zsn   278 napa ve3hx     043 on  3  napa     
qso:   14  cw  20081004 2027   ae6ay    042 plum ve3hx     044 on  3           
qso:   14  cw  20081004 2324    k6vo    724 sber ve3hx     045 on  3  sber     
qso:   14  cw  20081004 2326    w6yx    187 scla ve3hx     046 on  3           
qso:   14  cw  20081004 2331    n6nf    537 smat ve3hx     047 on  3           
qso:   14  cw  20081004 2332    n6o     813 ccos ve3hx     048 on  3  ccos     
qso:   14  cw  20081004 2339    w6yo    149 fres ve3hx     049 on  3           
qso:   14  cw  20081004 2341   ad6wl    123 sber ve3hx     050 on  3           
qso:   07  cw  20081004 2349    k6rb    506 scru ve3hx     051 on  3           
qso:   07  cw  20081004 2355    n6tv    562 scla ve3hx     052 on  3           
qso:   07  cw  20081004 2358    w6nl    700 scla ve3hx     053 on  3           
qso:   07  cw  20081005 0001    k6kq    560 impe ve3hx     054 on  3  impe     
qso:   07  cw  20081005 0003    w6ph    736 inyo ve3hx     055 on  3           
qso:   07  cw  20081005 0015    w6ue    719 lang ve3hx     056 on  3           
qso:   07  cw  20081005 0020    n6a     524 alpi ve3hx     057 on  3           
qso:   07  cw  20081005 0024    n6zfo   422 lake ve3hx     058 on  3  lake     
qso:   07  cw  20081005 0037   kf6t     311 plac ve3hx     059 on  3  plac     
qso:   07  cw  20081005 0041    k6idx   777 eldo ve3hx     060 on  3           
qso:   07  cw  20081005 0045    k6yt    560 scla ve3hx     061 on  3           
qso:   07  cw  20081005 0048   ne6le    236 modo ve3hx     062 on  3           
qso:   07  cw  20081005 0059    k6la    710 lang ve3hx     063 on  3           
qso:   35  cw  20081005 0326    n6fr    709 eldo ve3hx     064 on  3           
qso:   35  cw  20081005 0328    k6na   1323 sdie ve3hx     065 on  3           
qso:   35  cw  20081005 0332    w6yx    110 scla ve3hx     066 on  3           
qso:   35  cw  20081005 0336    k6xx   1143 scla ve3hx     067 on  3           
qso:   35  cw  20081005 0340    w6yi   1671 sdie ve3hx     068 on  3           
qso:   35  cw  20081005 0343    k6ez    820 alam ve3hx     069 on  3  alam     
qso:   35  cw  20081005 0344    k6yt    817 scla ve3hx     070 on  3           
qso:   35  cw  20081005 0352    n6o     214 ccos ve3hx     071 on  3           
qso:   35  cw  20081005 0358    k6ko   1234 amad ve3hx     072 on  3  amad     
qso:   35  cw  20081005 0359    w6pz    689 trin ve3hx     073 on  3  trin     
qso:   35  cw  20081005 0405    n6tv    913 scla ve3hx     074 on  3           
qso:   35  cw  20081005 0410   kf6t     588 plac ve3hx     075 on  3           
qso:   35  cw  20081005 0413    w6yx    212 stan ve3hx     076 on  3  stan     
qso:   35  cw  20081005 0415    k6rb    816 scru ve3hx     077 on  3           
qso:   35  cw  20081005 0420    k6idx  1123 eldo ve3hx     078 on  3           
qso:   35  cw  20081005 0424    n6xi    393 neva ve3hx     079 on  3           
qso:   07  cw  20081005 1406    n6rk    416 sacr ve3hx     080 on  3           
qso:   14  cw  20081005 1425    w6jaz  1240 yuba ve3hx     081 on  3           
qso:   14  cw  20081005 1457    w6osp   226 napa ve3hx     082 on  3           
qso:   14  cw  20081005 1458    w6yi   2157 sdie ve3hx     083 on  3           
qso:   14  cw  20081005 1500    k6la   1237 lang ve3hx     084 on  3           
qso:   14  cw  20081005 1503    k6na   1778 sdie ve3hx     085 on  3           
qso:   14  cw  20081005 1504    w6tk   1483 slui ve3hx     086 on  3           
qso:   14  cw  20081005 1506    n6jv    049 sacr ve3hx     087 on  3           
qso:   14  cw  20081005 1508    k6anp   159 sono ve3hx     088 on  3           
qso:   14  cw  20081005 1532    k6bzs   747 neva ve3hx     089 on  3           
qso:   14  cw  20081005 1534    k6ko   1447 amad ve3hx     090 on  3        
qso:   14  cw  20081005 1536    w6amm   718 scla ve3hx     091 on  3           
qso:   14  cw  20081005 1545   wn6k     237 sber ve3hx     092 on  3           
qso:   14  cw  20081005 1547    w6jti   548 humb ve3hx     093 on  3  humb     
qso:   14  cw  20081005 1548    n6xi    554 neva ve3hx     094 on  3           
qso:   14  cw  20081005 1553    k6qk   1328 impe ve3hx     095 on  3           
qso:   14  cw  20081005 1555   kf6t     676 plac ve3hx     096 on  3           
qso:   14  cw  20081005 1558    n6ra    583 sfra ve3hx     097 on  3  sfra     
qso:   14  cw  20081005 1559    n6hc   1249 oran ve3hx     098 on  3           
qso:   14  cw  20081005 1605   nz6q     248 glen ve3hx     099 on  3  glen     
qso:   14  cw  20081005 1606    k6aql   092 yolo ve3hx     100 on  3  yolo     
qso:   14  cw  20081005 1611    w6xk    311 stan ve3hx     101 on  3           
qso:   14  cw  20081005 1615   wx6v     747 plac ve3hx     102 on  3           
qso:   14  cw  20081005 1617    w6ue   1512 lang ve3hx     103 on  3           
qso:   14  cw  20081005 1621    n6ll    140 tula ve3hx     104 on  3  tula     
qso:   14  cw  20081005 1623   nc6k     288 sdie ve3hx     105 on  3           
